<?xml version="1.0" encoding="UTF-8"?>
<!-- Generated by org.testng.reporters.JUnitXMLReporter -->
<testsuite ignored="0" hostname="DESKTOP-SFQQR9U" failures="0" tests="4" name="Default test" time="6.452" errors="0" timestamp="2024-06-04T21:07:26 IST">
  <testcase classname="com.spotify.tests.CreateAndGetPlaylistAPI_ReusuableMethods" name="createPlayListMethod" time="4.991"/>
  <testcase classname="com.spotify.tests.CreateAndGetPlaylistAPI_ReusuableMethods" name="getPlayListMethod" time="0.531"/>
  <testcase classname="com.spotify.tests.CreateAndGetPlaylistAPI_ReusuableMethods" name="updatePlayList" time="0.61"/>
  <testcase classname="com.spotify.tests.CreateAndGetPlaylistAPI_ReusuableMethods" name="shouldNotCreatePlaylist" time="0.191"/>
</testsuite> <!-- Default test -->
