<?xml version="1.0" encoding="UTF-8"?>
<!-- Generated by org.testng.reporters.JUnitXMLReporter -->
<testsuite ignored="0" hostname="DESKTOP-SFQQR9U" failures="0" tests="4" name="Test" time="11.108" errors="0" timestamp="2024-06-04T22:16:13 IST">
  <testcase classname="com.spotify.tests.CreateAndGetPlaylistAPI_ReusuableMethods" name="createPlayListMethod" time="9.36"/>
  <testcase classname="com.spotify.tests.CreateAndGetPlaylistAPI_ReusuableMethods" name="getPlayListMethod" time="0.596"/>
  <testcase classname="com.spotify.tests.CreateAndGetPlaylistAPI_ReusuableMethods" name="updatePlayList" time="0.625"/>
  <testcase classname="com.spotify.tests.CreateAndGetPlaylistAPI_ReusuableMethods" name="shouldNotCreatePlaylist" time="0.261"/>
</testsuite> <!-- Test -->
