<?xml version="1.0" encoding="UTF-8"?>
<testsuite xmlns:xsi="http://www.w3.org/2001/XMLSchema-instance" xsi:noNamespaceSchemaLocation="https://maven.apache.org/surefire/maven-surefire-plugin/xsd/surefire-test-report-3.0.xsd" version="3.0" name="TestSuite" time="13.941" tests="4" errors="0" skipped="0" failures="0">
  <properties>
[...]
</properties>
  <testcase name="createPlayListMethod" classname="com.spotify.tests.CreateAndGetPlaylistAPI_ReusuableMethods" time="9.487">
    <system-out><![CDATA[Request method:	POST
Request URI:	https://api.spotify.com/v1/users/313mlih4sbdx5c33nil3sc3m3pea/playlists
Proxy:			<none>
Request params:	<none>
Query params:	<none>
Form params:	<none>
Path params:	<none>
Headers:		Accept=application/json, application/javascript, text/javascript, text/json
				Content-Type=text/plain; charset=ISO-8859-1
Cookies:		<none>
Multiparts:		<none>
Body:
{"description":"Old Memories1","name":"\"Tejab Movie Songs\"","public":false}
HTTP/1.1 201 Created
content-type: application/json; charset=utf-8
cache-control: private, max-age=0
x-robots-tag: noindex, nofollow
access-control-allow-origin: *
access-control-allow-headers: Accept, App-Platform, Authorization, Content-Type, Origin, Retry-After, Spotify-App-Version, X-Cloud-Trace-Context, client-token, content-access-token
access-control-allow-methods: GET, POST, OPTIONS, PUT, DELETE, PATCH
access-control-allow-credentials: true
access-control-max-age: 604800
content-encoding: gzip
strict-transport-security: max-age=31536000
x-content-type-options: nosniff
date: Tue, 04 Jun 2024 16:46:10 GMT
server: envoy
Via: HTTP/2 edgeproxy, 1.1 google
Alt-Svc: h3=":443"; ma=2592000,h3-29=":443"; ma=2592000
Transfer-Encoding: chunked

{
    "collaborative": false,
    "description": "Old Memories1",
    "external_urls": {
        "spotify": "https://open.spotify.com/playlist/3UHWWDUCnAt0yitcLnQCOs"
    },
    "followers": {
        "href": null,
        "total": 0
    },
    "href": "https://api.spotify.com/v1/playlists/3UHWWDUCnAt0yitcLnQCOs",
    "id": "3UHWWDUCnAt0yitcLnQCOs",
    "images": [
        
    ],
    "primary_color": null,
    "name": "\"Tejab Movie Songs\"",
    "type": "playlist",
    "uri": "spotify:playlist:3UHWWDUCnAt0yitcLnQCOs",
    "owner": {
        "href": "https://api.spotify.com/v1/users/5b67db8a8bdc4645b2a82da42a0b2f21",
        "id": "5b67db8a8bdc4645b2a82da42a0b2f21",
        "type": "user",
        "uri": "spotify:user:5b67db8a8bdc4645b2a82da42a0b2f21",
        "display_name": null,
        "external_urls": {
            "spotify": "https://open.spotify.com/user/5b67db8a8bdc4645b2a82da42a0b2f21"
        }
    },
    "public": false,
    "snapshot_id": "AAAAIH2EnjynxeKiHIwlCaFtvcGefSPb",
    "tracks": {
        "limit": 100,
        "next": null,
        "offset": 0,
        "previous": null,
        "href": "https://api.spotify.com/v1/playlists/3UHWWDUCnAt0yitcLnQCOs/tracks",
        "total": 0,
        "items": [
            
        ]
    }
}
]]></system-out>
    <system-err><![CDATA[SLF4J: Failed to load class "org.slf4j.impl.StaticLoggerBinder".
SLF4J: Defaulting to no-operation (NOP) logger implementation
SLF4J: See http://www.slf4j.org/codes.html#StaticLoggerBinder for further details.
]]></system-err>
  </testcase>
  <testcase name="getPlayListMethod" classname="com.spotify.tests.CreateAndGetPlaylistAPI_ReusuableMethods" time="0.582">
    <system-out><![CDATA[Request method:	GET
Request URI:	https://api.spotify.com/v1/playlists/3UHWWDUCnAt0yitcLnQCOs
Proxy:			<none>
Request params:	<none>
Query params:	<none>
Form params:	<none>
Path params:	<none>
Headers:		Accept=application/json, application/javascript, text/javascript, text/json
Cookies:		<none>
Multiparts:		<none>
Body:			<none>
HTTP/1.1 200 OK
content-type: application/json; charset=utf-8
cache-control: public, max-age=0
etag: "MC-IjZmOTE2ODI3NDQwODgzYTI2NWFiYTQ3YjAyNTk4YTE5Ig=="
x-robots-tag: noindex, nofollow
access-control-allow-origin: *
access-control-allow-headers: Accept, App-Platform, Authorization, Content-Type, Origin, Retry-After, Spotify-App-Version, X-Cloud-Trace-Context, client-token, content-access-token
access-control-allow-methods: GET, POST, OPTIONS, PUT, DELETE, PATCH
access-control-allow-credentials: true
access-control-max-age: 604800
content-encoding: gzip
strict-transport-security: max-age=31536000
x-content-type-options: nosniff
date: Tue, 04 Jun 2024 16:46:11 GMT
server: envoy
Via: HTTP/2 edgeproxy, 1.1 google
Alt-Svc: h3=":443"; ma=2592000,h3-29=":443"; ma=2592000
Transfer-Encoding: chunked

{
    "collaborative": false,
    "description": "Old Memories1",
    "external_urls": {
        "spotify": "https://open.spotify.com/playlist/3UHWWDUCnAt0yitcLnQCOs"
    },
    "followers": {
        "href": null,
        "total": 0
    },
    "href": "https://api.spotify.com/v1/playlists/3UHWWDUCnAt0yitcLnQCOs",
    "id": "3UHWWDUCnAt0yitcLnQCOs",
    "images": null,
    "name": "\"Tejab Movie Songs\"",
    "owner": {
        "display_name": "vince",
        "external_urls": {
            "spotify": "https://open.spotify.com/user/313mlih4sbdx5c33nil3sc3m3pea"
        },
        "href": "https://api.spotify.com/v1/users/313mlih4sbdx5c33nil3sc3m3pea",
        "id": "313mlih4sbdx5c33nil3sc3m3pea",
        "type": "user",
        "uri": "spotify:user:313mlih4sbdx5c33nil3sc3m3pea"
    },
    "primary_color": null,
    "public": true,
    "snapshot_id": "AAAAAcdm9jtORTvhkM3+JkRKxsfpFQ9T",
    "tracks": {
        "href": "https://api.spotify.com/v1/playlists/3UHWWDUCnAt0yitcLnQCOs/tracks?offset=0&limit=0",
        "items": [
            
        ],
        "limit": 0,
        "next": null,
        "offset": 0,
        "previous": null,
        "total": 0
    },
    "type": "playlist",
    "uri": "spotify:playlist:3UHWWDUCnAt0yitcLnQCOs"
}
]]></system-out>
  </testcase>
  <testcase name="updatePlayList" classname="com.spotify.tests.CreateAndGetPlaylistAPI_ReusuableMethods" time="0.628">
    <system-out><![CDATA[Request method:	PUT
Request URI:	https://api.spotify.com/v1/playlists/3UHWWDUCnAt0yitcLnQCOs
Proxy:			<none>
Request params:	<none>
Query params:	<none>
Form params:	<none>
Path params:	<none>
Headers:		Accept=application/json, application/javascript, text/javascript, text/json
				Content-Type=text/plain; charset=ISO-8859-1
Cookies:		<none>
Multiparts:		<none>
Body:
{"description":"Old Memories","name":"\"Tejab Movie Songs\"","public":false}
HTTP/1.1 200 OK
cache-control: private, max-age=0
x-robots-tag: noindex, nofollow
access-control-allow-origin: *
access-control-allow-headers: Accept, App-Platform, Authorization, Content-Type, Origin, Retry-After, Spotify-App-Version, X-Cloud-Trace-Context, client-token, content-access-token
access-control-allow-methods: GET, POST, OPTIONS, PUT, DELETE, PATCH
access-control-allow-credentials: true
access-control-max-age: 604800
Content-Length: 0
strict-transport-security: max-age=31536000
x-content-type-options: nosniff
date: Tue, 04 Jun 2024 16:46:12 GMT
server: envoy
Via: HTTP/2 edgeproxy, 1.1 google
Alt-Svc: h3=":443"; ma=2592000,h3-29=":443"; ma=2592000
]]></system-out>
  </testcase>
  <testcase name="shouldNotCreatePlaylist" classname="com.spotify.tests.CreateAndGetPlaylistAPI_ReusuableMethods" time="0.264">
    <system-out><![CDATA[Request method:	POST
Request URI:	https://api.spotify.com/v1/users/313mlih4sbdx5c33nil3sc3m3pea/playlists
Proxy:			<none>
Request params:	<none>
Query params:	<none>
Form params:	<none>
Path params:	<none>
Headers:		Accept=application/json, application/javascript, text/javascript, text/json
				Content-Type=text/plain; charset=ISO-8859-1
Cookies:		<none>
Multiparts:		<none>
Body:
{"description":"Old Memories","name":"\"Tejab Movie Songs\"","public":false}
HTTP/1.1 401 Unauthorized
www-authenticate: Bearer realm="spotify", error="invalid_token", error_description="Invalid access token"
access-control-allow-origin: *
access-control-allow-headers: Accept, App-Platform, Authorization, Content-Type, Origin, Retry-After, Spotify-App-Version, X-Cloud-Trace-Context, client-token, content-access-token
access-control-allow-methods: GET, POST, OPTIONS, PUT, DELETE, PATCH
access-control-allow-credentials: true
access-control-max-age: 604800
content-type: application/json
content-encoding: gzip
strict-transport-security: max-age=31536000
x-content-type-options: nosniff
date: Tue, 04 Jun 2024 16:46:12 GMT
server: envoy
Via: HTTP/2 edgeproxy, 1.1 google
Alt-Svc: h3=":443"; ma=2592000,h3-29=":443"; ma=2592000
Transfer-Encoding: chunked

{
    "error": {
        "status": 401,
        "message": "Invalid access token"
    }
}
]]></system-out>
  </testcase>
</testsuite>