<?xml version="1.0" encoding="UTF-8"?>
<testng-results ignored="0" total="4" passed="4" failed="0" skipped="0">
  <reporter-output>
  </reporter-output>
  <suite started-at="2024-06-04T21:07:19 IST" name="Default suite" finished-at="2024-06-04T21:07:26 IST" duration-ms="6452">
    <groups>
    </groups>
    <test started-at="2024-06-04T21:07:19 IST" name="Default test" finished-at="2024-06-04T21:07:26 IST" duration-ms="6452">
      <class name="com.spotify.tests.CreateAndGetPlaylistAPI_ReusuableMethods">
        <test-method signature="createPlayListMethod()[pri:1, instance:com.spotify.tests.CreateAndGetPlaylistAPI_ReusuableMethods@1afd44cb]" started-at="2024-06-04T21:07:19 IST" name="createPlayListMethod" finished-at="2024-06-04T21:07:24 IST" duration-ms="4991" status="PASS">
          <reporter-output>
          </reporter-output>
        </test-method> <!-- createPlayListMethod -->
        <test-method signature="getPlayListMethod()[pri:2, instance:com.spotify.tests.CreateAndGetPlaylistAPI_ReusuableMethods@1afd44cb]" started-at="2024-06-04T21:07:24 IST" name="getPlayListMethod" finished-at="2024-06-04T21:07:25 IST" duration-ms="531" status="PASS">
          <reporter-output>
          </reporter-output>
        </test-method> <!-- getPlayListMethod -->
        <test-method signature="updatePlayList()[pri:3, instance:com.spotify.tests.CreateAndGetPlaylistAPI_ReusuableMethods@1afd44cb]" started-at="2024-06-04T21:07:25 IST" name="updatePlayList" finished-at="2024-06-04T21:07:26 IST" duration-ms="610" status="PASS">
          <reporter-output>
          </reporter-output>
        </test-method> <!-- updatePlayList -->
        <test-method signature="shouldNotCreatePlaylist()[pri:4, instance:com.spotify.tests.CreateAndGetPlaylistAPI_ReusuableMethods@1afd44cb]" started-at="2024-06-04T21:07:26 IST" name="shouldNotCreatePlaylist" finished-at="2024-06-04T21:07:26 IST" duration-ms="191" status="PASS">
          <reporter-output>
          </reporter-output>
        </test-method> <!-- shouldNotCreatePlaylist -->
      </class> <!-- com.spotify.tests.CreateAndGetPlaylistAPI_ReusuableMethods -->
    </test> <!-- Default test -->
  </suite> <!-- Default suite -->
</testng-results>
